<?xml version="1.0" encoding="UTF-8"?>
<!-- Generated by org.testng.reporters.JUnitReportReporter -->
<testsuite hostname="DESKTOP-9N3PBG2" failures="0" tests="1" name="com.crm.TestNGClasses.CreateProductTest" time="63.806" errors="0" timestamp="2025-05-05T15:30:52 IST" skipped="0">
  <testcase classname="com.crm.TestNGClasses.CreateProductTest" name="editProductPrice" time="63.806"/>
</testsuite> <!-- com.crm.TestNGClasses.CreateProductTest -->
