<?xml version="1.0" encoding="UTF-8"?>
<!-- Generated by org.testng.reporters.JUnitReportReporter -->
<testsuite hostname="DESKTOP-9N3PBG2" failures="0" tests="1" name="com.crm.TestNGClasses.CreateCampaignTest" time="34.070" errors="0" timestamp="2025-05-05T15:35:46 IST" skipped="0">
  <testcase classname="com.crm.TestNGClasses.CreateCampaignTest" name="createCampaign" time="34.070"/>
</testsuite> <!-- com.crm.TestNGClasses.CreateCampaignTest -->
