<?xml version="1.0" encoding="UTF-8"?>
<!-- Generated by org.testng.reporters.JUnitReportReporter -->
<testsuite hostname="DESKTOP-9N3PBG2" failures="0" tests="3" name="com.crm.TestNGClasses.CreateOrganizationTest" time="124.772" errors="0" timestamp="2025-05-02T16:37:30 IST" skipped="0">
  <testcase classname="com.crm.TestNGClasses.CreateOrganizationTest" name="createOrgaWithPhone" time="22.464"/>
  <testcase classname="com.crm.TestNGClasses.CreateOrganizationTest" name="createOrgWithIndustryAndType" time="62.280"/>
  <testcase classname="com.crm.TestNGClasses.CreateOrganizationTest" name="createOrganization" time="40.028"/>
</testsuite> <!-- com.crm.TestNGClasses.CreateOrganizationTest -->
