<?xml version="1.0" encoding="UTF-8"?>
<!-- Generated by org.testng.reporters.JUnitReportReporter -->
<testsuite hostname="DESKTOP-9N3PBG2" failures="0" tests="3" name="com.crm.TestNGClasses.CreateOrganizationTest" time="107.223" errors="0" timestamp="2025-05-03T14:39:40 IST" skipped="0">
  <testcase classname="com.crm.TestNGClasses.CreateOrganizationTest" name="createOrgaWithPhone" time="29.810"/>
  <testcase classname="com.crm.TestNGClasses.CreateOrganizationTest" name="createOrganization" time="20.860"/>
  <testcase classname="com.crm.TestNGClasses.CreateOrganizationTest" name="createOrgWithIndustryAndType" time="56.553"/>
</testsuite> <!-- com.crm.TestNGClasses.CreateOrganizationTest -->
